<?xml version="1.0" encoding="UTF-8"?>
<!-- Generated by org.testng.reporters.JUnitXMLReporter -->
<testsuite hostname="SINGHRO02" ignored="0" name="Test" tests="4" failures="0" timestamp="04 Feb 2019 07:30:15 GMT" time="70.027" errors="0">
  <testcase name="basePagenavigation" time="9.081" classname="AcademyOnline.ValidateNavigationBar"/>
  <testcase name="basePagenavigation" time="10.368" classname="AcademyOnline.validateTitle"/>
  <testcase name="basePagenavigation" time="26.783" classname="AcademyOnline.HomePage"/>
  <testcase name="basePagenavigation" time="23.757" classname="AcademyOnline.HomePage"/>
</testsuite> <!-- Test -->
