<?xml version="1.0" encoding="UTF-8"?>
<!-- Generated by org.testng.reporters.JUnitXMLReporter -->
<testsuite hostname="SINGHRO02" ignored="0" name="ValidateTitle" tests="1" failures="1" timestamp="06 Mar 2019 06:10:02 GMT" time="11.079" errors="0">
  <testcase name="TitleTest" time="0.066" classname="AcademyOnline.validateTitle">
    <failure type="java.lang.AssertionError" message="expected [FEATURED COURSES123] but found [FEATURED COURSES]">
      <![CDATA[java.lang.AssertionError: expected [FEATURED COURSES123] but found [FEATURED COURSES]
at AcademyOnline.validateTitle.TitleTest(validateTitle.java:31)
... Removed 35 stack frames]]>
    </failure>
  </testcase> <!-- TitleTest -->
</testsuite> <!-- ValidateTitle -->
