<?xml version="1.0" encoding="UTF-8"?>
<testsuite xmlns:xsi="http://www.w3.org/2001/XMLSchema-instance" xsi:noNamespaceSchemaLocation="https://maven.apache.org/surefire/maven-surefire-plugin/xsd/surefire-test-report-3.0.xsd" version="3.0" name="TestSuite" time="59.299" tests="4" errors="0" skipped="0" failures="1">
  <properties>
[...]
</properties>
  <testcase name="TitleTest" classname="AcademyOnline.validateTitle" time="0.074">
    <failure message="expected [FEATURED COURSES123] but found [FEATURED COURSES]" type="java.lang.AssertionError">java.lang.AssertionError: expected [FEATURED COURSES123] but found [FEATURED COURSES]
	at AcademyOnline.validateTitle.TitleTest(validateTitle.java:31)
</failure>
    <system-err><![CDATA[Starting ChromeDriver 2.41.578737 (49da6702b16031c40d63e5618de03a32ff6c197e) on port 4747
Only local connections are allowed.
Mar 06, 2019 11:39:57 AM org.openqa.selenium.remote.ProtocolHandshake createSession
INFO: Detected dialect: OSS
]]></system-err>
  </testcase>
  <testcase name="basePagenavigation" classname="AcademyOnline.HomePage" time="17.294"/>
  <testcase name="basePagenavigation" classname="AcademyOnline.HomePage" time="13.348"/>
  <testcase name="navigationBarTest" classname="AcademyOnline.ValidateNavigationBar" time="0.061"/>
</testsuite>